<?xml version="1.0" encoding="UTF-8" ?>
<testsuites>
 <testsuite name="move command" timestamp="2016-12-19T00:09:39" hostname="localhost" time="0.005" errors="0" tests="10" skipped="0" disabled="0" failures="10">
  <testcase classname="move command" name="should emit MovePlaced on first game move..." time="0.001">
   <failure type="exception" message="ReferenceError: pos is not defined"><![CDATA[ReferenceError: pos is not defined
    at Object.illegalMove (/Users/SandraOspStefansdottir/Desktop/reference-tictactoe/server/socket-app/tictactoe/tictactoe-state.js:53:22)
    at Object.PlaceMove (/Users/SandraOspStefansdottir/Desktop/reference-tictactoe/server/socket-app/tictactoe/tictactoe-handler.js:51:38)
    at Object.executeCommand (/Users/SandraOspStefansdottir/Desktop/reference-tictactoe/server/socket-app/tictactoe/tictactoe-handler.js:116:38)
    at Object.<anonymous> (/Users/SandraOspStefansdottir/Desktop/reference-tictactoe/server/socket-app/tictactoe/tictactoe-game.spec.js:185:26)
    at attemptSync (/Users/SandraOspStefansdottir/Desktop/reference-tictactoe/node_modules/jasmine-core/lib/jasmine-core/jasmine.js:1950:24)
    at QueueRunner.run (/Users/SandraOspStefansdottir/Desktop/reference-tictactoe/node_modules/jasmine-core/lib/jasmine-core/jasmine.js:1938:9)
    at QueueRunner.execute (/Users/SandraOspStefansdottir/Desktop/reference-tictactoe/node_modules/jasmine-core/lib/jasmine-core/jasmine.js:1923:10)
    at Spec.queueRunnerFactory (/Users/SandraOspStefansdottir/Desktop/reference-tictactoe/node_modules/jasmine-core/lib/jasmine-core/jasmine.js:714:35)
    at Spec.execute (/Users/SandraOspStefansdottir/Desktop/reference-tictactoe/node_modules/jasmine-core/lib/jasmine-core/jasmine.js:371:10)
    at Object.fn (/Users/SandraOspStefansdottir/Desktop/reference-tictactoe/node_modules/jasmine-core/lib/jasmine-core/jasmine.js:2579:37)]]>
   </failure>
  </testcase>
  <testcase classname="move command" name="should emit IllegalMove when square is already occupied..." time="0">
   <failure type="exception" message="ReferenceError: pos is not defined"><![CDATA[ReferenceError: pos is not defined
    at Object.illegalMove (/Users/SandraOspStefansdottir/Desktop/reference-tictactoe/server/socket-app/tictactoe/tictactoe-state.js:53:22)
    at Object.PlaceMove (/Users/SandraOspStefansdottir/Desktop/reference-tictactoe/server/socket-app/tictactoe/tictactoe-handler.js:51:38)
    at Object.executeCommand (/Users/SandraOspStefansdottir/Desktop/reference-tictactoe/server/socket-app/tictactoe/tictactoe-handler.js:116:38)
    at Object.<anonymous> (/Users/SandraOspStefansdottir/Desktop/reference-tictactoe/server/socket-app/tictactoe/tictactoe-game.spec.js:185:26)
    at attemptSync (/Users/SandraOspStefansdottir/Desktop/reference-tictactoe/node_modules/jasmine-core/lib/jasmine-core/jasmine.js:1950:24)
    at QueueRunner.run (/Users/SandraOspStefansdottir/Desktop/reference-tictactoe/node_modules/jasmine-core/lib/jasmine-core/jasmine.js:1938:9)
    at QueueRunner.execute (/Users/SandraOspStefansdottir/Desktop/reference-tictactoe/node_modules/jasmine-core/lib/jasmine-core/jasmine.js:1923:10)
    at Spec.queueRunnerFactory (/Users/SandraOspStefansdottir/Desktop/reference-tictactoe/node_modules/jasmine-core/lib/jasmine-core/jasmine.js:714:35)
    at Spec.execute (/Users/SandraOspStefansdottir/Desktop/reference-tictactoe/node_modules/jasmine-core/lib/jasmine-core/jasmine.js:371:10)
    at Object.fn (/Users/SandraOspStefansdottir/Desktop/reference-tictactoe/node_modules/jasmine-core/lib/jasmine-core/jasmine.js:2579:37)]]>
   </failure>
  </testcase>
  <testcase classname="move command" name="should emit NotYourMove if attempting to make move out of turn..." time="0.001">
   <failure type="exception" message="ReferenceError: pos is not defined"><![CDATA[ReferenceError: pos is not defined
    at Object.illegalMove (/Users/SandraOspStefansdottir/Desktop/reference-tictactoe/server/socket-app/tictactoe/tictactoe-state.js:53:22)
    at Object.PlaceMove (/Users/SandraOspStefansdottir/Desktop/reference-tictactoe/server/socket-app/tictactoe/tictactoe-handler.js:51:38)
    at Object.executeCommand (/Users/SandraOspStefansdottir/Desktop/reference-tictactoe/server/socket-app/tictactoe/tictactoe-handler.js:116:38)
    at Object.<anonymous> (/Users/SandraOspStefansdottir/Desktop/reference-tictactoe/server/socket-app/tictactoe/tictactoe-game.spec.js:185:26)
    at attemptSync (/Users/SandraOspStefansdottir/Desktop/reference-tictactoe/node_modules/jasmine-core/lib/jasmine-core/jasmine.js:1950:24)
    at QueueRunner.run (/Users/SandraOspStefansdottir/Desktop/reference-tictactoe/node_modules/jasmine-core/lib/jasmine-core/jasmine.js:1938:9)
    at QueueRunner.execute (/Users/SandraOspStefansdottir/Desktop/reference-tictactoe/node_modules/jasmine-core/lib/jasmine-core/jasmine.js:1923:10)
    at Spec.queueRunnerFactory (/Users/SandraOspStefansdottir/Desktop/reference-tictactoe/node_modules/jasmine-core/lib/jasmine-core/jasmine.js:714:35)
    at Spec.execute (/Users/SandraOspStefansdottir/Desktop/reference-tictactoe/node_modules/jasmine-core/lib/jasmine-core/jasmine.js:371:10)
    at Object.fn (/Users/SandraOspStefansdottir/Desktop/reference-tictactoe/node_modules/jasmine-core/lib/jasmine-core/jasmine.js:2579:37)]]>
   </failure>
  </testcase>
  <testcase classname="move command" name="should emit game won horizontally..." time="0">
   <failure type="exception" message="ReferenceError: pos is not defined"><![CDATA[ReferenceError: pos is not defined
    at Object.illegalMove (/Users/SandraOspStefansdottir/Desktop/reference-tictactoe/server/socket-app/tictactoe/tictactoe-state.js:53:22)
    at Object.PlaceMove (/Users/SandraOspStefansdottir/Desktop/reference-tictactoe/server/socket-app/tictactoe/tictactoe-handler.js:51:38)
    at Object.executeCommand (/Users/SandraOspStefansdottir/Desktop/reference-tictactoe/server/socket-app/tictactoe/tictactoe-handler.js:116:38)
    at Object.<anonymous> (/Users/SandraOspStefansdottir/Desktop/reference-tictactoe/server/socket-app/tictactoe/tictactoe-game.spec.js:185:26)
    at attemptSync (/Users/SandraOspStefansdottir/Desktop/reference-tictactoe/node_modules/jasmine-core/lib/jasmine-core/jasmine.js:1950:24)
    at QueueRunner.run (/Users/SandraOspStefansdottir/Desktop/reference-tictactoe/node_modules/jasmine-core/lib/jasmine-core/jasmine.js:1938:9)
    at QueueRunner.execute (/Users/SandraOspStefansdottir/Desktop/reference-tictactoe/node_modules/jasmine-core/lib/jasmine-core/jasmine.js:1923:10)
    at Spec.queueRunnerFactory (/Users/SandraOspStefansdottir/Desktop/reference-tictactoe/node_modules/jasmine-core/lib/jasmine-core/jasmine.js:714:35)
    at Spec.execute (/Users/SandraOspStefansdottir/Desktop/reference-tictactoe/node_modules/jasmine-core/lib/jasmine-core/jasmine.js:371:10)
    at Object.fn (/Users/SandraOspStefansdottir/Desktop/reference-tictactoe/node_modules/jasmine-core/lib/jasmine-core/jasmine.js:2579:37)]]>
   </failure>
  </testcase>
  <testcase classname="move command" name="should emit game won vertically..." time="0">
   <failure type="exception" message="ReferenceError: pos is not defined"><![CDATA[ReferenceError: pos is not defined
    at Object.illegalMove (/Users/SandraOspStefansdottir/Desktop/reference-tictactoe/server/socket-app/tictactoe/tictactoe-state.js:53:22)
    at Object.PlaceMove (/Users/SandraOspStefansdottir/Desktop/reference-tictactoe/server/socket-app/tictactoe/tictactoe-handler.js:51:38)
    at Object.executeCommand (/Users/SandraOspStefansdottir/Desktop/reference-tictactoe/server/socket-app/tictactoe/tictactoe-handler.js:116:38)
    at Object.<anonymous> (/Users/SandraOspStefansdottir/Desktop/reference-tictactoe/server/socket-app/tictactoe/tictactoe-game.spec.js:185:26)
    at attemptSync (/Users/SandraOspStefansdottir/Desktop/reference-tictactoe/node_modules/jasmine-core/lib/jasmine-core/jasmine.js:1950:24)
    at QueueRunner.run (/Users/SandraOspStefansdottir/Desktop/reference-tictactoe/node_modules/jasmine-core/lib/jasmine-core/jasmine.js:1938:9)
    at QueueRunner.execute (/Users/SandraOspStefansdottir/Desktop/reference-tictactoe/node_modules/jasmine-core/lib/jasmine-core/jasmine.js:1923:10)
    at Spec.queueRunnerFactory (/Users/SandraOspStefansdottir/Desktop/reference-tictactoe/node_modules/jasmine-core/lib/jasmine-core/jasmine.js:714:35)
    at Spec.execute (/Users/SandraOspStefansdottir/Desktop/reference-tictactoe/node_modules/jasmine-core/lib/jasmine-core/jasmine.js:371:10)
    at Object.fn (/Users/SandraOspStefansdottir/Desktop/reference-tictactoe/node_modules/jasmine-core/lib/jasmine-core/jasmine.js:2579:37)]]>
   </failure>
  </testcase>
  <testcase classname="move command" name="should emit game won sideways... &quot;  &quot;" time="0.001">
   <failure type="exception" message="ReferenceError: pos is not defined"><![CDATA[ReferenceError: pos is not defined
    at Object.illegalMove (/Users/SandraOspStefansdottir/Desktop/reference-tictactoe/server/socket-app/tictactoe/tictactoe-state.js:53:22)
    at Object.PlaceMove (/Users/SandraOspStefansdottir/Desktop/reference-tictactoe/server/socket-app/tictactoe/tictactoe-handler.js:51:38)
    at Object.executeCommand (/Users/SandraOspStefansdottir/Desktop/reference-tictactoe/server/socket-app/tictactoe/tictactoe-handler.js:116:38)
    at Object.<anonymous> (/Users/SandraOspStefansdottir/Desktop/reference-tictactoe/server/socket-app/tictactoe/tictactoe-game.spec.js:185:26)
    at attemptSync (/Users/SandraOspStefansdottir/Desktop/reference-tictactoe/node_modules/jasmine-core/lib/jasmine-core/jasmine.js:1950:24)
    at QueueRunner.run (/Users/SandraOspStefansdottir/Desktop/reference-tictactoe/node_modules/jasmine-core/lib/jasmine-core/jasmine.js:1938:9)
    at QueueRunner.execute (/Users/SandraOspStefansdottir/Desktop/reference-tictactoe/node_modules/jasmine-core/lib/jasmine-core/jasmine.js:1923:10)
    at Spec.queueRunnerFactory (/Users/SandraOspStefansdottir/Desktop/reference-tictactoe/node_modules/jasmine-core/lib/jasmine-core/jasmine.js:714:35)
    at Spec.execute (/Users/SandraOspStefansdottir/Desktop/reference-tictactoe/node_modules/jasmine-core/lib/jasmine-core/jasmine.js:371:10)
    at Object.fn (/Users/SandraOspStefansdottir/Desktop/reference-tictactoe/node_modules/jasmine-core/lib/jasmine-core/jasmine.js:2579:37)]]>
   </failure>
  </testcase>
  <testcase classname="move command" name="should emit game won sideways... / " time="0.001">
   <failure type="exception" message="ReferenceError: pos is not defined"><![CDATA[ReferenceError: pos is not defined
    at Object.illegalMove (/Users/SandraOspStefansdottir/Desktop/reference-tictactoe/server/socket-app/tictactoe/tictactoe-state.js:53:22)
    at Object.PlaceMove (/Users/SandraOspStefansdottir/Desktop/reference-tictactoe/server/socket-app/tictactoe/tictactoe-handler.js:51:38)
    at Object.executeCommand (/Users/SandraOspStefansdottir/Desktop/reference-tictactoe/server/socket-app/tictactoe/tictactoe-handler.js:116:38)
    at Object.<anonymous> (/Users/SandraOspStefansdottir/Desktop/reference-tictactoe/server/socket-app/tictactoe/tictactoe-game.spec.js:185:26)
    at attemptSync (/Users/SandraOspStefansdottir/Desktop/reference-tictactoe/node_modules/jasmine-core/lib/jasmine-core/jasmine.js:1950:24)
    at QueueRunner.run (/Users/SandraOspStefansdottir/Desktop/reference-tictactoe/node_modules/jasmine-core/lib/jasmine-core/jasmine.js:1938:9)
    at QueueRunner.execute (/Users/SandraOspStefansdottir/Desktop/reference-tictactoe/node_modules/jasmine-core/lib/jasmine-core/jasmine.js:1923:10)
    at Spec.queueRunnerFactory (/Users/SandraOspStefansdottir/Desktop/reference-tictactoe/node_modules/jasmine-core/lib/jasmine-core/jasmine.js:714:35)
    at Spec.execute (/Users/SandraOspStefansdottir/Desktop/reference-tictactoe/node_modules/jasmine-core/lib/jasmine-core/jasmine.js:371:10)
    at Object.fn (/Users/SandraOspStefansdottir/Desktop/reference-tictactoe/node_modules/jasmine-core/lib/jasmine-core/jasmine.js:2579:37)]]>
   </failure>
  </testcase>
  <testcase classname="move command" name="should not emit game draw if won on last move..." time="0">
   <failure type="exception" message="ReferenceError: pos is not defined"><![CDATA[ReferenceError: pos is not defined
    at Object.illegalMove (/Users/SandraOspStefansdottir/Desktop/reference-tictactoe/server/socket-app/tictactoe/tictactoe-state.js:53:22)
    at Object.PlaceMove (/Users/SandraOspStefansdottir/Desktop/reference-tictactoe/server/socket-app/tictactoe/tictactoe-handler.js:51:38)
    at Object.executeCommand (/Users/SandraOspStefansdottir/Desktop/reference-tictactoe/server/socket-app/tictactoe/tictactoe-handler.js:116:38)
    at Object.<anonymous> (/Users/SandraOspStefansdottir/Desktop/reference-tictactoe/server/socket-app/tictactoe/tictactoe-game.spec.js:185:26)
    at attemptSync (/Users/SandraOspStefansdottir/Desktop/reference-tictactoe/node_modules/jasmine-core/lib/jasmine-core/jasmine.js:1950:24)
    at QueueRunner.run (/Users/SandraOspStefansdottir/Desktop/reference-tictactoe/node_modules/jasmine-core/lib/jasmine-core/jasmine.js:1938:9)
    at QueueRunner.execute (/Users/SandraOspStefansdottir/Desktop/reference-tictactoe/node_modules/jasmine-core/lib/jasmine-core/jasmine.js:1923:10)
    at Spec.queueRunnerFactory (/Users/SandraOspStefansdottir/Desktop/reference-tictactoe/node_modules/jasmine-core/lib/jasmine-core/jasmine.js:714:35)
    at Spec.execute (/Users/SandraOspStefansdottir/Desktop/reference-tictactoe/node_modules/jasmine-core/lib/jasmine-core/jasmine.js:371:10)
    at Object.fn (/Users/SandraOspStefansdottir/Desktop/reference-tictactoe/node_modules/jasmine-core/lib/jasmine-core/jasmine.js:2579:37)]]>
   </failure>
  </testcase>
  <testcase classname="move command" name="should emit game draw when neither wins..." time="0">
   <failure type="exception" message="ReferenceError: pos is not defined"><![CDATA[ReferenceError: pos is not defined
    at Object.illegalMove (/Users/SandraOspStefansdottir/Desktop/reference-tictactoe/server/socket-app/tictactoe/tictactoe-state.js:53:22)
    at Object.PlaceMove (/Users/SandraOspStefansdottir/Desktop/reference-tictactoe/server/socket-app/tictactoe/tictactoe-handler.js:51:38)
    at Object.executeCommand (/Users/SandraOspStefansdottir/Desktop/reference-tictactoe/server/socket-app/tictactoe/tictactoe-handler.js:116:38)
    at Object.<anonymous> (/Users/SandraOspStefansdottir/Desktop/reference-tictactoe/server/socket-app/tictactoe/tictactoe-game.spec.js:185:26)
    at attemptSync (/Users/SandraOspStefansdottir/Desktop/reference-tictactoe/node_modules/jasmine-core/lib/jasmine-core/jasmine.js:1950:24)
    at QueueRunner.run (/Users/SandraOspStefansdottir/Desktop/reference-tictactoe/node_modules/jasmine-core/lib/jasmine-core/jasmine.js:1938:9)
    at QueueRunner.execute (/Users/SandraOspStefansdottir/Desktop/reference-tictactoe/node_modules/jasmine-core/lib/jasmine-core/jasmine.js:1923:10)
    at Spec.queueRunnerFactory (/Users/SandraOspStefansdottir/Desktop/reference-tictactoe/node_modules/jasmine-core/lib/jasmine-core/jasmine.js:714:35)
    at Spec.execute (/Users/SandraOspStefansdottir/Desktop/reference-tictactoe/node_modules/jasmine-core/lib/jasmine-core/jasmine.js:371:10)
    at Object.fn (/Users/SandraOspStefansdottir/Desktop/reference-tictactoe/node_modules/jasmine-core/lib/jasmine-core/jasmine.js:2579:37)]]>
   </failure>
  </testcase>
  <testcase classname="move command" name="should emit IllegalMove when square is already occupied..." time="0.001">
   <failure type="exception" message="ReferenceError: pos is not defined"><![CDATA[ReferenceError: pos is not defined
    at Object.illegalMove (/Users/SandraOspStefansdottir/Desktop/reference-tictactoe/server/socket-app/tictactoe/tictactoe-state.js:53:22)
    at Object.PlaceMove (/Users/SandraOspStefansdottir/Desktop/reference-tictactoe/server/socket-app/tictactoe/tictactoe-handler.js:51:38)
    at Object.executeCommand (/Users/SandraOspStefansdottir/Desktop/reference-tictactoe/server/socket-app/tictactoe/tictactoe-handler.js:116:38)
    at Object.<anonymous> (/Users/SandraOspStefansdottir/Desktop/reference-tictactoe/server/socket-app/tictactoe/tictactoe-game.spec.js:185:26)
    at attemptSync (/Users/SandraOspStefansdottir/Desktop/reference-tictactoe/node_modules/jasmine-core/lib/jasmine-core/jasmine.js:1950:24)
    at QueueRunner.run (/Users/SandraOspStefansdottir/Desktop/reference-tictactoe/node_modules/jasmine-core/lib/jasmine-core/jasmine.js:1938:9)
    at QueueRunner.execute (/Users/SandraOspStefansdottir/Desktop/reference-tictactoe/node_modules/jasmine-core/lib/jasmine-core/jasmine.js:1923:10)
    at Spec.queueRunnerFactory (/Users/SandraOspStefansdottir/Desktop/reference-tictactoe/node_modules/jasmine-core/lib/jasmine-core/jasmine.js:714:35)
    at Spec.execute (/Users/SandraOspStefansdottir/Desktop/reference-tictactoe/node_modules/jasmine-core/lib/jasmine-core/jasmine.js:371:10)
    at Object.fn (/Users/SandraOspStefansdottir/Desktop/reference-tictactoe/node_modules/jasmine-core/lib/jasmine-core/jasmine.js:2579:37)]]>
   </failure>
  </testcase>
 </testsuite>
</testsuites>