<?xml version="1.0" encoding="UTF-8" ?>
<testsuites>
 <testsuite name="create game command" timestamp="2016-12-19T00:09:39" hostname="localhost" time="0.005" errors="0" tests="1" skipped="0" disabled="0" failures="0">
  <testcase classname="create game command" name="should emit game created event" time="0.004" />
 </testsuite>
</testsuites>